==============================
Tue Sep 30 22:02:45 CEST 2025: Starting preprocessing job
Tue Sep 30 22:02:45 CEST 2025: ERROR - Input file not found: /home/faruksedik/data_pipeline/input/sales_data.csv
==============================
Tue Sep 30 22:04:10 CEST 2025: Starting preprocessing job
Tue Sep 30 22:04:10 CEST 2025: Input file found: /home/faruksedik/data_pipeline/input/sales_data.csv
Tue Sep 30 22:04:10 CEST 2025: Successfully cleaned file. Saved at /home/faruksedik/data_pipeline/output/cleaned_sales_data.csv
Tue Sep 30 22:04:10 CEST 2025: Preprocessing completed successfully
==============================
==============================
Tue Sep 30 22:09:17 CEST 2025: Starting preprocessing job
Tue Sep 30 22:09:17 CEST 2025: Input file found: /home/faruksedik/data_pipeline/input/sales_data.csv
Tue Sep 30 22:09:17 CEST 2025: Successfully cleaned file. Saved at /home/faruksedik/data_pipeline/output/cleaned_sales_data.csv
Tue Sep 30 22:09:17 CEST 2025: Preprocessing completed successfully
==============================
==============================
Tue Sep 30 22:39:40 CEST 2025: Starting preprocessing job
Tue Sep 30 22:39:40 CEST 2025: Input file found: /home/faruksedik/data_pipeline/input/sales_data.csv
Tue Sep 30 22:39:40 CEST 2025: ERROR - awk processing failed
==============================
Tue Sep 30 22:42:38 CEST 2025: Starting preprocessing job
Tue Sep 30 22:42:38 CEST 2025: Output file already exists: /home/faruksedik/data_pipeline/output/cleaned_sales_data.csv
Tue Sep 30 22:42:38 CEST 2025: No need to clean data. Skipping preprocessing.
==============================
==============================
Tue Sep 30 22:45:14 CEST 2025: Starting preprocessing job
Tue Sep 30 22:45:14 CEST 2025: Input file found: /home/faruksedik/data_pipeline/input/sales_data.csv
Tue Sep 30 22:45:14 CEST 2025: Successfully cleaned file. Saved at /home/faruksedik/data_pipeline/output/cleaned_sales_data.csv
Tue Sep 30 22:45:14 CEST 2025: Preprocessing completed successfully
==============================
==============================
Tue Sep 30 22:50:45 CEST 2025: Starting preprocessing job
Tue Sep 30 22:50:45 CEST 2025: Input file found: /home/faruksedik/data_pipeline/input/sales_data.csv
Tue Sep 30 22:50:45 CEST 2025: Successfully cleaned file. Saved at /home/faruksedik/data_pipeline/output/cleaned_sales_data.csv
Tue Sep 30 22:50:45 CEST 2025: Preprocessing completed successfully
==============================
==============================
Tue Sep 30 22:56:06 CEST 2025: Starting preprocessing job
Tue Sep 30 22:56:06 CEST 2025: Input file found: /home/faruksedik/data_pipeline/input/sales_data.csv
Tue Sep 30 22:56:06 CEST 2025: Successfully cleaned file. Saved at /home/faruksedik/data_pipeline/output/cleaned_sales_data.csv
Tue Sep 30 22:56:06 CEST 2025: Preprocessing completed successfully
==============================
